<?xml version="1.0" encoding="UTF-8" ?>
<testsuite failures="0" time="0.028" errors="0" skipped="0" tests="18" name="calc.project.AppTest">
  <properties>
    <property name="java.runtime.name" value="Java(TM) SE Runtime Environment"/>
    <property name="sun.boot.library.path" value="/home/ge/apps/jdk1.6.0_33/jre/lib/amd64"/>
    <property name="java.vm.version" value="20.8-b03"/>
    <property name="java.vm.vendor" value="Sun Microsystems Inc."/>
    <property name="java.vendor.url" value="http://java.sun.com/"/>
    <property name="path.separator" value=":"/>
    <property name="java.vm.name" value="Java HotSpot(TM) 64-Bit Server VM"/>
    <property name="file.encoding.pkg" value="sun.io"/>
    <property name="user.country" value="US"/>
    <property name="sun.java.launcher" value="SUN_STANDARD"/>
    <property name="sun.os.patch.level" value="unknown"/>
    <property name="java.vm.specification.name" value="Java Virtual Machine Specification"/>
    <property name="user.dir" value="/home/ge/dev/workspace/calculator"/>
    <property name="java.runtime.version" value="1.6.0_33-b03"/>
    <property name="java.awt.graphicsenv" value="sun.awt.X11GraphicsEnvironment"/>
    <property name="basedir" value="/home/ge/dev/workspace/calculator"/>
    <property name="java.endorsed.dirs" value="/home/ge/apps/jdk1.6.0_33/jre/lib/endorsed"/>
    <property name="os.arch" value="amd64"/>
    <property name="surefire.real.class.path" value="/tmp/surefirebooter8684657983353453380.jar"/>
    <property name="java.io.tmpdir" value="/tmp"/>
    <property name="line.separator" value="
"/>
    <property name="java.vm.specification.vendor" value="Sun Microsystems Inc."/>
    <property name="os.name" value="Linux"/>
    <property name="sun.jnu.encoding" value="UTF-8"/>
    <property name="java.library.path" value="/home/ge/apps/jdk1.6.0_33/jre/lib/amd64/server:/home/ge/apps/jdk1.6.0_33/jre/lib/amd64:/home/ge/apps/jdk1.6.0_33/jre/../lib/amd64:/usr/java/packages/lib/amd64:/usr/lib64:/lib64:/lib:/usr/lib"/>
    <property name="surefire.test.class.path" value="/home/ge/dev/workspace/calculator/target/test-classes:/home/ge/dev/workspace/calculator/target/classes:/home/ge/.m2/repository/junit/junit/4.10/junit-4.10.jar:/home/ge/.m2/repository/org/hamcrest/hamcrest-core/1.1/hamcrest-core-1.1.jar:"/>
    <property name="java.specification.name" value="Java Platform API Specification"/>
    <property name="java.class.version" value="50.0"/>
    <property name="sun.management.compiler" value="HotSpot 64-Bit Tiered Compilers"/>
    <property name="os.version" value="3.2.0-26-generic"/>
    <property name="user.home" value="/home/ge"/>
    <property name="user.timezone" value=""/>
    <property name="java.awt.printerjob" value="sun.print.PSPrinterJob"/>
    <property name="file.encoding" value="UTF-8"/>
    <property name="java.specification.version" value="1.6"/>
    <property name="user.name" value="ge"/>
    <property name="java.class.path" value="/home/ge/dev/workspace/calculator/target/test-classes:/home/ge/dev/workspace/calculator/target/classes:/home/ge/.m2/repository/junit/junit/4.10/junit-4.10.jar:/home/ge/.m2/repository/org/hamcrest/hamcrest-core/1.1/hamcrest-core-1.1.jar:"/>
    <property name="java.vm.specification.version" value="1.0"/>
    <property name="sun.arch.data.model" value="64"/>
    <property name="java.home" value="/home/ge/apps/jdk1.6.0_33/jre"/>
    <property name="sun.java.command" value="/tmp/surefirebooter8684657983353453380.jar /tmp/surefire4430459223007343332tmp /tmp/surefire3794154336850116141tmp"/>
    <property name="java.specification.vendor" value="Sun Microsystems Inc."/>
    <property name="user.language" value="en"/>
    <property name="java.vm.info" value="mixed mode"/>
    <property name="java.version" value="1.6.0_33"/>
    <property name="java.ext.dirs" value="/home/ge/apps/jdk1.6.0_33/jre/lib/ext:/usr/java/packages/lib/ext"/>
    <property name="sun.boot.class.path" value="/home/ge/apps/jdk1.6.0_33/jre/lib/resources.jar:/home/ge/apps/jdk1.6.0_33/jre/lib/rt.jar:/home/ge/apps/jdk1.6.0_33/jre/lib/sunrsasign.jar:/home/ge/apps/jdk1.6.0_33/jre/lib/jsse.jar:/home/ge/apps/jdk1.6.0_33/jre/lib/jce.jar:/home/ge/apps/jdk1.6.0_33/jre/lib/charsets.jar:/home/ge/apps/jdk1.6.0_33/jre/lib/modules/jdk.boot.jar:/home/ge/apps/jdk1.6.0_33/jre/classes"/>
    <property name="java.vendor" value="Sun Microsystems Inc."/>
    <property name="localRepository" value="/home/ge/.m2/repository"/>
    <property name="file.separator" value="/"/>
    <property name="java.vendor.url.bug" value="http://java.sun.com/cgi-bin/bugreport.cgi"/>
    <property name="sun.cpu.endian" value="little"/>
    <property name="sun.io.unicode.encoding" value="UnicodeLittle"/>
    <property name="sun.desktop" value="gnome"/>
    <property name="sun.cpu.isalist" value=""/>
  </properties>
  <testcase time="0.006" classname="calc.project.AppTest" name="fTest"/>
  <testcase time="0.001" classname="calc.project.AppTest" name="functionTest1"/>
  <testcase time="0" classname="calc.project.AppTest" name="functionTest2"/>
  <testcase time="0" classname="calc.project.AppTest" name="getTest"/>
  <testcase time="0" classname="calc.project.AppTest" name="getPriorityTest"/>
  <testcase time="0" classname="calc.project.AppTest" name="getPriorityTestException"/>
  <testcase time="0" classname="calc.project.AppTest" name="getResultOfTest"/>
  <testcase time="0" classname="calc.project.AppTest" name="getResultOfTestException1"/>
  <testcase time="0" classname="calc.project.AppTest" name="getResultOfTestException2"/>
  <testcase time="0.001" classname="calc.project.AppTest" name="inputTest"/>
  <testcase time="0" classname="calc.project.AppTest" name="isCloseParenthesisTest"/>
  <testcase time="0" classname="calc.project.AppTest" name="isDot"/>
  <testcase time="0" classname="calc.project.AppTest" name="isOpenParenthesisTest"/>
  <testcase time="0" classname="calc.project.AppTest" name="isOperationTest"/>
  <testcase time="0" classname="calc.project.AppTest" name="isParenthesisTest"/>
  <testcase time="0" classname="calc.project.AppTest" name="isShowStepsTest"/>
  <testcase time="0" classname="calc.project.AppTest" name="parseTest"/>
  <testcase time="0" classname="calc.project.AppTest" name="setTest"/>
</testsuite>